Using pre-set license
Built from '2022.3/staging' branch; Version is '2022.3.23f1 (dbb3f7c5b5c6) revision 14398455'; Using compiler version '192829333'; Build Type 'Release'
OS: 'Windows 10  (10.0.18362) 64bit CoreSingleLanguage' Language: 'en' Physical Memory: 12168 MB
BatchMode: 1, IsHumanControllingUs: 0, StartBugReporterOnCrash: 0, Is64bit: 1, IsPro: 1

COMMAND LINE ARGUMENTS:
C:\Program Files\Unity\Hub\Editor\2022.3.23f1\Editor\Unity.exe
-adb2
-batchMode
-noUpm
-name
AssetImportWorker0
-projectPath
C:/Users/USER/Unity_Worck/Parking_Simulator
-logFile
Logs/AssetImportWorker0.log
-srvPort
53758
Successfully changed project path to: C:/Users/USER/Unity_Worck/Parking_Simulator
C:/Users/USER/Unity_Worck/Parking_Simulator
[UnityMemory] Configuration Parameters - Can be set up in boot.config
    "memorysetup-bucket-allocator-granularity=16"
    "memorysetup-bucket-allocator-bucket-count=8"
    "memorysetup-bucket-allocator-block-size=33554432"
    "memorysetup-bucket-allocator-block-count=8"
    "memorysetup-main-allocator-block-size=16777216"
    "memorysetup-thread-allocator-block-size=16777216"
    "memorysetup-gfx-main-allocator-block-size=16777216"
    "memorysetup-gfx-thread-allocator-block-size=16777216"
    "memorysetup-cache-allocator-block-size=4194304"
    "memorysetup-typetree-allocator-block-size=2097152"
    "memorysetup-profiler-bucket-allocator-granularity=16"
    "memorysetup-profiler-bucket-allocator-bucket-count=8"
    "memorysetup-profiler-bucket-allocator-block-size=33554432"
    "memorysetup-profiler-bucket-allocator-block-count=8"
    "memorysetup-profiler-allocator-block-size=16777216"
    "memorysetup-profiler-editor-allocator-block-size=1048576"
    "memorysetup-temp-allocator-size-main=16777216"
    "memorysetup-job-temp-allocator-block-size=2097152"
    "memorysetup-job-temp-allocator-block-size-background=1048576"
    "memorysetup-job-temp-allocator-reduction-small-platforms=262144"
    "memorysetup-allocator-temp-initial-block-size-main=262144"
    "memorysetup-allocator-temp-initial-block-size-worker=262144"
    "memorysetup-temp-allocator-size-background-worker=32768"
    "memorysetup-temp-allocator-size-job-worker=262144"
    "memorysetup-temp-allocator-size-preload-manager=33554432"
    "memorysetup-temp-allocator-size-nav-mesh-worker=65536"
    "memorysetup-temp-allocator-size-audio-worker=65536"
    "memorysetup-temp-allocator-size-cloud-worker=32768"
    "memorysetup-temp-allocator-size-gi-baking-worker=262144"
    "memorysetup-temp-allocator-size-gfx=262144"
Player connection [32744] Host "[IP] 10.0.11.94 [Port] 0 [Flags] 2 [Guid] 3642046490 [EditorId] 3642046490 [Version] 1048832 [Id] WindowsEditor(7,CHARLysPC) [Debug] 1 [PackageName] WindowsEditor [ProjectName] Editor" joined multi-casting on [225.0.0.222:54997]...

Player connection [32744] Host "[IP] 10.0.11.94 [Port] 0 [Flags] 2 [Guid] 3642046490 [EditorId] 3642046490 [Version] 1048832 [Id] WindowsEditor(7,CHARLysPC) [Debug] 1 [PackageName] WindowsEditor [ProjectName] Editor" joined alternative multi-casting on [225.0.0.222:34997]...

[Physics::Module] Initialized MultithreadedJobDispatcher with 7 workers.
Refreshing native plugins compatible for Editor in 18.00 ms, found 3 plugins.
Preloading 0 native plugins for Editor in 0.00 ms.
Initialize engine version: 2022.3.23f1 (dbb3f7c5b5c6)
[Subsystems] Discovering subsystems at path C:/Program Files/Unity/Hub/Editor/2022.3.23f1/Editor/Data/Resources/UnitySubsystems
[Subsystems] Discovering subsystems at path C:/Users/USER/Unity_Worck/Parking_Simulator/Assets
GfxDevice: creating device client; threaded=0; jobified=0
Direct3D:
    Version:  Direct3D 11.0 [level 11.0]
    Renderer: NVIDIA GeForce MX110 (ID=0x174e)
    Vendor:   NVIDIA
    VRAM:     2010 MB
    Driver:   27.21.14.5749
Invalid texture used for cursor - check importer settings or texture creation. Texture must be RGBA32, readable, have alphaIsTransparency enabled and have no mip chain.
Failed to set the cursor because the specified texture ('steering-wheel-car-In Game') was not CPU accessible.
Shader Hidden/ProbeVolume/VoxelizeScene is not supported: GPU does not support conservative rasterization
Initialize mono
Mono path[0] = 'C:/Program Files/Unity/Hub/Editor/2022.3.23f1/Editor/Data/Managed'
Mono path[1] = 'C:/Program Files/Unity/Hub/Editor/2022.3.23f1/Editor/Data/MonoBleedingEdge/lib/mono/unityjit-win32'
Mono config path = 'C:/Program Files/Unity/Hub/Editor/2022.3.23f1/Editor/Data/MonoBleedingEdge/etc'
Using monoOptions --debugger-agent=transport=dt_socket,embedding=1,server=y,suspend=n,address=127.0.0.1:56740
Begin MonoManager ReloadAssembly
Registering precompiled unity dll's ...
Register platform support module: C:/Program Files/Unity/Hub/Editor/2022.3.23f1/Editor/Data/PlaybackEngines/AndroidPlayer/UnityEditor.Android.Extensions.dll
Register platform support module: C:/Program Files/Unity/Hub/Editor/2022.3.23f1/Editor/Data/PlaybackEngines/WindowsStandaloneSupport/UnityEditor.WindowsStandalone.Extensions.dll
Registered in 0.012641 seconds.
- Loaded All Assemblies, in  0.555 seconds
Native extension for WindowsStandalone target not found
Native extension for Android target not found
Android Extension - Scanning For ADB Devices 358 ms
Mono: successfully reloaded assembly
- Finished resetting the current domain, in  0.851 seconds
Domain Reload Profiling: 1404ms
	BeginReloadAssembly (176ms)
		ExecutionOrderSort (0ms)
		DisableScriptedObjects (0ms)
		BackupInstance (0ms)
		ReleaseScriptingObjects (0ms)
		CreateAndSetChildDomain (1ms)
	RebuildCommonClasses (51ms)
	RebuildNativeTypeToScriptingClass (16ms)
	initialDomainReloadingComplete (89ms)
	LoadAllAssembliesAndSetupDomain (220ms)
		LoadAssemblies (174ms)
		RebuildTransferFunctionScriptingTraits (0ms)
		AnalyzeDomain (216ms)
			TypeCache.Refresh (214ms)
				TypeCache.ScanAssembly (193ms)
			ScanForSourceGeneratedMonoScriptInfo (1ms)
			ResolveRequiredComponents (1ms)
	FinalizeReload (852ms)
		ReleaseScriptCaches (0ms)
		RebuildScriptCaches (0ms)
		SetupLoadedEditorAssemblies (765ms)
			LogAssemblyErrors (0ms)
			InitializePlatformSupportModulesInManaged (512ms)
			SetLoadedEditorAssemblies (5ms)
			RefreshPlugins (0ms)
			BeforeProcessingInitializeOnLoad (3ms)
			ProcessInitializeOnLoadAttributes (176ms)
			ProcessInitializeOnLoadMethodAttributes (69ms)
			AfterProcessingInitializeOnLoad (0ms)
			EditorAssembliesLoaded (0ms)
		ExecutionOrderSort2 (0ms)
		AwakeInstancesAfterBackupRestoration (0ms)
========================================================================
Worker process is ready to serve import requests
Begin MonoManager ReloadAssembly
- Loaded All Assemblies, in  1.254 seconds
Refreshing native plugins compatible for Editor in 8.08 ms, found 3 plugins.
Native extension for WindowsStandalone target not found
Native extension for Android target not found
Package Manager log level set to [2]
[Package Manager] Server::EnsureServerProcessIsRunning -- launch failed, reason: Unity was launched with the -noUpm command-line argument
[Package Manager] UpmClient::Send -- Unable to send message (not connected to UPM process).
[Package Manager] Cannot connect to Unity Package Manager local server
Mono: successfully reloaded assembly
- Finished resetting the current domain, in  1.299 seconds
Domain Reload Profiling: 2549ms
	BeginReloadAssembly (237ms)
		ExecutionOrderSort (0ms)
		DisableScriptedObjects (9ms)
		BackupInstance (0ms)
		ReleaseScriptingObjects (0ms)
		CreateAndSetChildDomain (39ms)
	RebuildCommonClasses (49ms)
	RebuildNativeTypeToScriptingClass (14ms)
	initialDomainReloadingComplete (119ms)
	LoadAllAssembliesAndSetupDomain (830ms)
		LoadAssemblies (602ms)
		RebuildTransferFunctionScriptingTraits (0ms)
		AnalyzeDomain (358ms)
			TypeCache.Refresh (292ms)
				TypeCache.ScanAssembly (262ms)
			ScanForSourceGeneratedMonoScriptInfo (46ms)
			ResolveRequiredComponents (17ms)
	FinalizeReload (1300ms)
		ReleaseScriptCaches (0ms)
		RebuildScriptCaches (0ms)
		SetupLoadedEditorAssemblies (1001ms)
			LogAssemblyErrors (0ms)
			InitializePlatformSupportModulesInManaged (39ms)
			SetLoadedEditorAssemblies (9ms)
			RefreshPlugins (0ms)
			BeforeProcessingInitializeOnLoad (141ms)
			ProcessInitializeOnLoadAttributes (687ms)
			ProcessInitializeOnLoadMethodAttributes (112ms)
			AfterProcessingInitializeOnLoad (12ms)
			EditorAssembliesLoaded (1ms)
		ExecutionOrderSort2 (0ms)
		AwakeInstancesAfterBackupRestoration (9ms)
Shader Hidden/ProbeVolume/VoxelizeScene is not supported: GPU does not support conservative rasterization
Launched and connected shader compiler UnityShaderCompiler.exe after 0.07 seconds
Refreshing native plugins compatible for Editor in 7.15 ms, found 3 plugins.
Preloading 0 native plugins for Editor in 0.00 ms.
Unloading 5990 Unused Serialized files (Serialized files now loaded: 0)
Unloading 96 unused Assets / (501.9 KB). Loaded Objects now: 6464.
Memory consumption went from 249.9 MB to 249.4 MB.
Total: 6.396100 ms (FindLiveObjects: 0.657100 ms CreateObjectMapping: 0.918400 ms MarkObjects: 4.402400 ms  DeleteObjects: 0.416500 ms)

AssetImportParameters requested are different than current active one (requested -> active):
  custom:container-demuxer-ogg: 62fdf1f143b41e24485cea50d1cbac27 -> 
  custom:video-decoder-ogg-theora: a1e56fd34408186e4bbccfd4996cb3dc -> 
  custom:framework-win-MediaFoundation: 216162199b28c13a410421893ffa2e32 -> 
  custom:CustomObjectIndexerAttribute: 72b91833f83ae208fae7752999fa3104 -> 
  custom:container-demuxer-webm: 4f35f7cbe854078d1ac9338744f61a02 -> 
  custom:container-muxer-webm: aa71ff27fc2769a1b78a27578f13a17b -> 
  custom:video-decoder-webm-vp8: 9c59270c3fd7afecdb556c50c9e8de78 -> 
  custom:SearchIndexIgnoredProperties: e643bd26f0fe6173181afceb89e7c659 -> 
  custom:AudioImporter_EditorPlatform: d09bf68614088b80899f8185d706f6e7 -> 
  custom:video-encoder-webm-vp8: eb34c28f22e8b96e1ab97ce403110664 -> 
  custom:audio-decoder-ogg-vorbis: bf7c407c2cedff20999df2af8eb42d56 -> 
  custom:audio-encoder-webm-vorbis: bf7c407c2cedff20999df2af8eb42d56 -> 
========================================================================
Received Import Request.
  Time since last request: 9090.315943 seconds.
  path: Assets/Hatchback and Sedan/prefabs/HATCHBACK_1988.prefab
  artifactKey: Guid(ec91b949a29ea3b4fb7e070fe48ff1c2) Importer(815301076,1909f56bfc062723c751e8b465ee728b)
Start importing Assets/Hatchback and Sedan/prefabs/HATCHBACK_1988.prefab using Guid(ec91b949a29ea3b4fb7e070fe48ff1c2) Importer(815301076,1909f56bfc062723c751e8b465ee728b)  -> (artifact id: 'cf0149c80f055cb8e6feef36043fd141') in 0.556973 seconds
Number of updated asset objects reloaded before import = 0
Number of asset objects unloaded after import = 96
========================================================================
Received Import Request.
  Time since last request: 1.854512 seconds.
  path: Assets/Hatchback and Sedan/Materials/HATCHBACK_1988.mat
  artifactKey: Guid(cc32d1d71c5c53344996779e81ff254c) Importer(815301076,1909f56bfc062723c751e8b465ee728b)
Start importing Assets/Hatchback and Sedan/Materials/HATCHBACK_1988.mat using Guid(cc32d1d71c5c53344996779e81ff254c) Importer(815301076,1909f56bfc062723c751e8b465ee728b)  -> (artifact id: '3136417a4ecbb02ea6234d156ed862db') in 0.097597 seconds
Number of updated asset objects reloaded before import = 0
Number of asset objects unloaded after import = 3
========================================================================
Received Import Request.
  Time since last request: 2.894616 seconds.
  path: Assets/Hatchback and Sedan/meshes/HATCHBACK/COLLIDER.FBX
  artifactKey: Guid(9989ca15dd6881c40814334b794b52df) Importer(815301076,1909f56bfc062723c751e8b465ee728b)
Start importing Assets/Hatchback and Sedan/meshes/HATCHBACK/COLLIDER.FBX using Guid(9989ca15dd6881c40814334b794b52df) Importer(815301076,1909f56bfc062723c751e8b465ee728b)  -> (artifact id: '041d436ad4c9e4f89bd1720625d8ab83') in 0.074362 seconds
Number of updated asset objects reloaded before import = 0
Number of asset objects unloaded after import = 11
========================================================================
Received Import Request.
  Time since last request: 0.980352 seconds.
  path: Assets/Hatchback and Sedan/meshes/SEDAN/SEDAN.FBX
  artifactKey: Guid(798e4096124f10548a538312d71f03f9) Importer(815301076,1909f56bfc062723c751e8b465ee728b)
Start importing Assets/Hatchback and Sedan/meshes/SEDAN/SEDAN.FBX using Guid(798e4096124f10548a538312d71f03f9) Importer(815301076,1909f56bfc062723c751e8b465ee728b)  -> (artifact id: '2319a984360ca5ec0ab8fb1ce01fc4b2') in 0.171269 seconds
Number of updated asset objects reloaded before import = 0
Number of asset objects unloaded after import = 117
========================================================================
Received Import Request.
  Time since last request: 1.316369 seconds.
  path: Assets/Hatchback and Sedan/textures/HATCHBACK_1988.png
  artifactKey: Guid(33e5e03cbb218da49a1ea009cc64b392) Importer(815301076,1909f56bfc062723c751e8b465ee728b)
Start importing Assets/Hatchback and Sedan/textures/HATCHBACK_1988.png using Guid(33e5e03cbb218da49a1ea009cc64b392) Importer(815301076,1909f56bfc062723c751e8b465ee728b)  -> (artifact id: 'afc4e623a77a128c961f30ed33d4b4ef') in 0.103983 seconds
Number of updated asset objects reloaded before import = 0
Number of asset objects unloaded after import = 2
========================================================================
Received Import Request.
  Time since last request: 0.000042 seconds.
  path: Assets/Hatchback and Sedan/textures/SEDAN.psd
  artifactKey: Guid(8c5031308294bb34fbcfde1c1225558b) Importer(815301076,1909f56bfc062723c751e8b465ee728b)
Start importing Assets/Hatchback and Sedan/textures/SEDAN.psd using Guid(8c5031308294bb34fbcfde1c1225558b) Importer(815301076,1909f56bfc062723c751e8b465ee728b)  -> (artifact id: 'c11036b6306746628f4ef88fd885ec69') in 0.061810 seconds
Number of updated asset objects reloaded before import = 0
Number of asset objects unloaded after import = 2
========================================================================
Received Import Request.
  Time since last request: 40.644518 seconds.
  path: Assets/Hatchback and Sedan/Materials/HATCHBACK_1988.mat
  artifactKey: Guid(cc32d1d71c5c53344996779e81ff254c) Importer(815301076,1909f56bfc062723c751e8b465ee728b)
Start importing Assets/Hatchback and Sedan/Materials/HATCHBACK_1988.mat using Guid(cc32d1d71c5c53344996779e81ff254c) Importer(815301076,1909f56bfc062723c751e8b465ee728b)  -> (artifact id: '49f0c2c0a3990c4c01b2c31a522ca88a') in 0.080956 seconds
Number of updated asset objects reloaded before import = 0
Number of asset objects unloaded after import = 3
========================================================================
Received Import Request.
  Time since last request: 33.808273 seconds.
  path: Assets/Hatchback and Sedan/meshes/HATCHBACK/materials/1988.mat
  artifactKey: Guid(c96ab1d6f083a7a42846affba9fd2a92) Importer(815301076,1909f56bfc062723c751e8b465ee728b)
Start importing Assets/Hatchback and Sedan/meshes/HATCHBACK/materials/1988.mat using Guid(c96ab1d6f083a7a42846affba9fd2a92) Importer(815301076,1909f56bfc062723c751e8b465ee728b)  -> (artifact id: 'ac52bcd2f2dc655fba533a87605de863') in 0.047766 seconds
Number of updated asset objects reloaded before import = 0
Number of asset objects unloaded after import = 3
========================================================================
Received Import Request.
  Time since last request: 0.000048 seconds.
  path: Assets/Hatchback and Sedan/meshes/HATCHBACK/materials/HATCHBACK_1988_RIMS.mat
  artifactKey: Guid(41cfa8148b1e9c443aaeb464c62d1c04) Importer(815301076,1909f56bfc062723c751e8b465ee728b)
Start importing Assets/Hatchback and Sedan/meshes/HATCHBACK/materials/HATCHBACK_1988_RIMS.mat using Guid(41cfa8148b1e9c443aaeb464c62d1c04) Importer(815301076,1909f56bfc062723c751e8b465ee728b)  -> (artifact id: '1882d05be1e7393a307c6d629c9ca883') in 0.047020 seconds
Number of updated asset objects reloaded before import = 0
Number of asset objects unloaded after import = 3
========================================================================
Received Import Request.
  Time since last request: 0.006942 seconds.
  path: Assets/Hatchback and Sedan/meshes/HATCHBACK/materials/HATCHBACK_1988_PAINT.mat
  artifactKey: Guid(2c88e51cbc480374297f5ded252d3e9b) Importer(815301076,1909f56bfc062723c751e8b465ee728b)
Start importing Assets/Hatchback and Sedan/meshes/HATCHBACK/materials/HATCHBACK_1988_PAINT.mat using Guid(2c88e51cbc480374297f5ded252d3e9b) Importer(815301076,1909f56bfc062723c751e8b465ee728b)  -> (artifact id: 'c5f88147f376b254d7233d71aaa673f5') in 0.069426 seconds
Number of updated asset objects reloaded before import = 0
Number of asset objects unloaded after import = 3
========================================================================
Received Import Request.
  Time since last request: 0.000040 seconds.
  path: Assets/Hatchback and Sedan/meshes/HATCHBACK/materials/HATCHBACK_1988_bulbs.mat
  artifactKey: Guid(c90a675775f754542bb64d4882c99929) Importer(815301076,1909f56bfc062723c751e8b465ee728b)
Start importing Assets/Hatchback and Sedan/meshes/HATCHBACK/materials/HATCHBACK_1988_bulbs.mat using Guid(c90a675775f754542bb64d4882c99929) Importer(815301076,1909f56bfc062723c751e8b465ee728b)  -> (artifact id: '4ede46127e271a275c1341298627dcbb') in 0.041636 seconds
Number of updated asset objects reloaded before import = 0
Number of asset objects unloaded after import = 3
========================================================================
Received Import Request.
  Time since last request: 13.467496 seconds.
  path: Assets/Hatchback and Sedan/meshes/SEDAN/materials/No Name.mat
  artifactKey: Guid(33b0ba920a5891e419cd182cae708ee0) Importer(815301076,1909f56bfc062723c751e8b465ee728b)
Start importing Assets/Hatchback and Sedan/meshes/SEDAN/materials/No Name.mat using Guid(33b0ba920a5891e419cd182cae708ee0) Importer(815301076,1909f56bfc062723c751e8b465ee728b)  -> (artifact id: '9220104c01156c00fbf43e71c947ec06') in 0.054630 seconds
Number of updated asset objects reloaded before import = 0
Number of asset objects unloaded after import = 2
========================================================================
Received Import Request.
  Time since last request: 0.000032 seconds.
  path: Assets/Hatchback and Sedan/meshes/SEDAN/materials/SEDAN_PLASTIC.mat
  artifactKey: Guid(3d1ea247aa8b1f341ba90b2f6af7fe50) Importer(815301076,1909f56bfc062723c751e8b465ee728b)
Start importing Assets/Hatchback and Sedan/meshes/SEDAN/materials/SEDAN_PLASTIC.mat using Guid(3d1ea247aa8b1f341ba90b2f6af7fe50) Importer(815301076,1909f56bfc062723c751e8b465ee728b)  -> (artifact id: '6af5dbbb94f7eed608391cca87a4e5ad') in 0.094409 seconds
Number of updated asset objects reloaded before import = 0
Number of asset objects unloaded after import = 3
========================================================================
Received Import Request.
  Time since last request: 0.002824 seconds.
  path: Assets/Hatchback and Sedan/meshes/SEDAN/materials/SEDAN_PAINT.mat
  artifactKey: Guid(84ff8b76061080a4c962cdb20bd8e70f) Importer(815301076,1909f56bfc062723c751e8b465ee728b)
Start importing Assets/Hatchback and Sedan/meshes/SEDAN/materials/SEDAN_PAINT.mat using Guid(84ff8b76061080a4c962cdb20bd8e70f) Importer(815301076,1909f56bfc062723c751e8b465ee728b)  -> (artifact id: '03c88950b4ceae157e409e320f88f5b4') in 0.068182 seconds
Number of updated asset objects reloaded before import = 0
Number of asset objects unloaded after import = 3
========================================================================
Received Import Request.
  Time since last request: 18.307823 seconds.
  path: Assets/Hatchback and Sedan/meshes/SEDAN/materials/SEDAN.mat
  artifactKey: Guid(cf8f951ad11fad745a3633b12fa09ed4) Importer(815301076,1909f56bfc062723c751e8b465ee728b)
Start importing Assets/Hatchback and Sedan/meshes/SEDAN/materials/SEDAN.mat using Guid(cf8f951ad11fad745a3633b12fa09ed4) Importer(815301076,1909f56bfc062723c751e8b465ee728b)  -> (artifact id: '6e3c75083d47e2166e98e615d5bfe078') in 0.063694 seconds
Number of updated asset objects reloaded before import = 0
Number of asset objects unloaded after import = 3
========================================================================
Received Import Request.
  Time since last request: 0.000043 seconds.
  path: Assets/Hatchback and Sedan/meshes/SEDAN/materials/SEDAN_PLASTIC.mat
  artifactKey: Guid(3d1ea247aa8b1f341ba90b2f6af7fe50) Importer(815301076,1909f56bfc062723c751e8b465ee728b)
Start importing Assets/Hatchback and Sedan/meshes/SEDAN/materials/SEDAN_PLASTIC.mat using Guid(3d1ea247aa8b1f341ba90b2f6af7fe50) Importer(815301076,1909f56bfc062723c751e8b465ee728b)  -> (artifact id: '016afb3a0714e587901d49af1decc92c') in 0.065961 seconds
Number of updated asset objects reloaded before import = 0
Number of asset objects unloaded after import = 3
========================================================================
Received Import Request.
  Time since last request: 0.000026 seconds.
  path: Assets/Hatchback and Sedan/meshes/SEDAN/materials/SEDAN_PAINT.mat
  artifactKey: Guid(84ff8b76061080a4c962cdb20bd8e70f) Importer(815301076,1909f56bfc062723c751e8b465ee728b)
Start importing Assets/Hatchback and Sedan/meshes/SEDAN/materials/SEDAN_PAINT.mat using Guid(84ff8b76061080a4c962cdb20bd8e70f) Importer(815301076,1909f56bfc062723c751e8b465ee728b)  -> (artifact id: '6034183e399909f4df19e401c54212f2') in 0.074923 seconds
Number of updated asset objects reloaded before import = 0
Number of asset objects unloaded after import = 3
========================================================================
Received Import Request.
  Time since last request: 0.783898 seconds.
  path: Assets/Hatchback and Sedan/meshes/SEDAN/SEDAN.FBX
  artifactKey: Guid(798e4096124f10548a538312d71f03f9) Importer(815301076,1909f56bfc062723c751e8b465ee728b)
Start importing Assets/Hatchback and Sedan/meshes/SEDAN/SEDAN.FBX using Guid(798e4096124f10548a538312d71f03f9) Importer(815301076,1909f56bfc062723c751e8b465ee728b)  -> (artifact id: '71de975623a4cd916a6714726a220b88') in 0.165541 seconds
Number of updated asset objects reloaded before import = 0
Number of asset objects unloaded after import = 117
========================================================================
Received Import Request.
  Time since last request: 41.429882 seconds.
  path: Assets/Hatchback and Sedan/meshes/HATCHBACK/COLLIDER.FBX
  artifactKey: Guid(9989ca15dd6881c40814334b794b52df) Importer(815301076,1909f56bfc062723c751e8b465ee728b)
Start importing Assets/Hatchback and Sedan/meshes/HATCHBACK/COLLIDER.FBX using Guid(9989ca15dd6881c40814334b794b52df) Importer(815301076,1909f56bfc062723c751e8b465ee728b)  -> (artifact id: '1764a44ace90f6ac9948838e464a19e9') in 0.039704 seconds
Number of updated asset objects reloaded before import = 0
Number of asset objects unloaded after import = 11
========================================================================
Received Import Request.
  Time since last request: 0.337379 seconds.
  path: Assets/Hatchback and Sedan/meshes/HATCHBACK/materials/HATCHBACK_1988.mat
  artifactKey: Guid(8b3ef602f5de7e44fb2613b044fa2008) Importer(815301076,1909f56bfc062723c751e8b465ee728b)
Start importing Assets/Hatchback and Sedan/meshes/HATCHBACK/materials/HATCHBACK_1988.mat using Guid(8b3ef602f5de7e44fb2613b044fa2008) Importer(815301076,1909f56bfc062723c751e8b465ee728b)  -> (artifact id: 'b54c9954ac574866b1b760211f2e1ab3') in 0.104371 seconds
Number of updated asset objects reloaded before import = 0
Number of asset objects unloaded after import = 3
========================================================================
Received Import Request.
  Time since last request: 0.000028 seconds.
  path: Assets/Hatchback and Sedan/meshes/HATCHBACK/materials/HATCHBACK_1988_MIRRORS.mat
  artifactKey: Guid(66c9286a7fe9016409ff1a9cbfca196d) Importer(815301076,1909f56bfc062723c751e8b465ee728b)
Start importing Assets/Hatchback and Sedan/meshes/HATCHBACK/materials/HATCHBACK_1988_MIRRORS.mat using Guid(66c9286a7fe9016409ff1a9cbfca196d) Importer(815301076,1909f56bfc062723c751e8b465ee728b)  -> (artifact id: '66984121c974f7475f625b842d84fcaf') in 0.060939 seconds
Number of updated asset objects reloaded before import = 0
Number of asset objects unloaded after import = 3
========================================================================
Received Import Request.
  Time since last request: 0.000024 seconds.
  path: Assets/Hatchback and Sedan/meshes/HATCHBACK/materials/No Name.mat
  artifactKey: Guid(389aaa019e312d34683d80da133d1b64) Importer(815301076,1909f56bfc062723c751e8b465ee728b)
Start importing Assets/Hatchback and Sedan/meshes/HATCHBACK/materials/No Name.mat using Guid(389aaa019e312d34683d80da133d1b64) Importer(815301076,1909f56bfc062723c751e8b465ee728b)  -> (artifact id: '3846dafb63cbb1b2f68a93f92b7b1e2e') in 0.025384 seconds
Number of updated asset objects reloaded before import = 0
Number of asset objects unloaded after import = 2
========================================================================
Received Import Request.
  Time since last request: 0.000030 seconds.
  path: Assets/Hatchback and Sedan/meshes/HATCHBACK/materials/HATCHBACK_1988_GLASS.mat
  artifactKey: Guid(41769b539e248db4c90886964a88c143) Importer(815301076,1909f56bfc062723c751e8b465ee728b)
Start importing Assets/Hatchback and Sedan/meshes/HATCHBACK/materials/HATCHBACK_1988_GLASS.mat using Guid(41769b539e248db4c90886964a88c143) Importer(815301076,1909f56bfc062723c751e8b465ee728b)  -> (artifact id: '26f260a557bd58fc63d6b587ed3a137a') in 0.052062 seconds
Number of updated asset objects reloaded before import = 0
Number of asset objects unloaded after import = 3
========================================================================
Received Import Request.
  Time since last request: 206.767128 seconds.
  path: Assets/Hatchback and Sedan/meshes/HATCHBACK/materials/1988.mat
  artifactKey: Guid(c96ab1d6f083a7a42846affba9fd2a92) Importer(815301076,1909f56bfc062723c751e8b465ee728b)
Start importing Assets/Hatchback and Sedan/meshes/HATCHBACK/materials/1988.mat using Guid(c96ab1d6f083a7a42846affba9fd2a92) Importer(815301076,1909f56bfc062723c751e8b465ee728b)  -> (artifact id: '2d214e0c2e6e05b8466778ee1986ab02') in 0.081996 seconds
Number of updated asset objects reloaded before import = 0
Number of asset objects unloaded after import = 3
========================================================================
Received Import Request.
  Time since last request: 0.000037 seconds.
  path: Assets/Hatchback and Sedan/meshes/HATCHBACK/materials/HATCHBACK_1988_MIRRORS.mat
  artifactKey: Guid(66c9286a7fe9016409ff1a9cbfca196d) Importer(815301076,1909f56bfc062723c751e8b465ee728b)
Start importing Assets/Hatchback and Sedan/meshes/HATCHBACK/materials/HATCHBACK_1988_MIRRORS.mat using Guid(66c9286a7fe9016409ff1a9cbfca196d) Importer(815301076,1909f56bfc062723c751e8b465ee728b)  -> (artifact id: '8740bda9bc8b2f35526d17c8e8fb2067') in 0.071004 seconds
Number of updated asset objects reloaded before import = 0
Number of asset objects unloaded after import = 3
========================================================================
Received Import Request.
  Time since last request: 0.000105 seconds.
  path: Assets/Hatchback and Sedan/meshes/HATCHBACK/materials/HATCHBACK_1988_GLASS.mat
  artifactKey: Guid(41769b539e248db4c90886964a88c143) Importer(815301076,1909f56bfc062723c751e8b465ee728b)
Start importing Assets/Hatchback and Sedan/meshes/HATCHBACK/materials/HATCHBACK_1988_GLASS.mat using Guid(41769b539e248db4c90886964a88c143) Importer(815301076,1909f56bfc062723c751e8b465ee728b)  -> (artifact id: 'efa5a4baa38c1d9a11a55afd61f75a72') in 0.098721 seconds
Number of updated asset objects reloaded before import = 0
Number of asset objects unloaded after import = 3
